<?xml version="1.0" encoding="UTF-8"?>
<testsuite xmlns:xsi="http://www.w3.org/2001/XMLSchema-instance" xsi:noNamespaceSchemaLocation="https://maven.apache.org/surefire/maven-surefire-plugin/xsd/surefire-test-report-3.0.xsd" version="3.0" name="max.maxondev.flower.FlowerApplicationTests" time="2.216" tests="1" errors="0" skipped="0" failures="0">
  <properties>
[...]
</properties>
  <testcase name="contextLoads" classname="max.maxondev.flower.FlowerApplicationTests" time="0.301">
    <system-out><![CDATA[14:36:57.522 [main] INFO org.springframework.test.context.support.AnnotationConfigContextLoaderUtils -- Could not detect default configuration classes for test class [max.maxondev.flower.FlowerApplicationTests]: FlowerApplicationTests does not declare any static, non-private, non-final, nested classes annotated with @Configuration.
14:36:57.571 [main] INFO org.springframework.boot.test.context.SpringBootTestContextBootstrapper -- Found @SpringBootConfiguration max.maxondev.flower.FlowerApplication for test class max.maxondev.flower.FlowerApplicationTests

  .   ____          _            __ _ _
 /\\ / ___'_ __ _ _(_)_ __  __ _ \ \ \ \
( ( )\___ | '_ | '_| | '_ \/ _` | \ \ \ \
 \\/  ___)| |_)| | | | | || (_| |  ) ) ) )
  '  |____| .__|_| |_|_| |_\__, | / / / /
 =========|_|==============|___/=/_/_/_/
 :: Spring Boot ::                (v3.1.5)

2023-11-13T14:36:57.719+02:00  INFO 69630 --- [           main] m.m.flower.FlowerApplicationTests        : Starting FlowerApplicationTests using Java 21.0.1 with PID 69630 (started by maxondevelop in /Users/maxondevelop/Documents/ucu/oop/Lab_8_OOP_JAVA)
2023-11-13T14:36:57.719+02:00  INFO 69630 --- [           main] m.m.flower.FlowerApplicationTests        : No active profile set, falling back to 1 default profile: "default"
2023-11-13T14:36:57.948+02:00  INFO 69630 --- [           main] .s.d.r.c.RepositoryConfigurationDelegate : Bootstrapping Spring Data JPA repositories in DEFAULT mode.
2023-11-13T14:36:57.967+02:00  INFO 69630 --- [           main] .s.d.r.c.RepositoryConfigurationDelegate : Finished Spring Data repository scanning in 16 ms. Found 1 JPA repository interfaces.
2023-11-13T14:36:58.146+02:00  INFO 69630 --- [           main] o.hibernate.jpa.internal.util.LogHelper  : HHH000204: Processing PersistenceUnitInfo [name: default]
2023-11-13T14:36:58.170+02:00  INFO 69630 --- [           main] org.hibernate.Version                    : HHH000412: Hibernate ORM core version 6.2.13.Final
2023-11-13T14:36:58.171+02:00  INFO 69630 --- [           main] org.hibernate.cfg.Environment            : HHH000406: Using bytecode reflection optimizer
2023-11-13T14:36:58.299+02:00  INFO 69630 --- [           main] o.s.o.j.p.SpringPersistenceUnitInfo      : No LoadTimeWeaver setup: ignoring JPA class transformer
2023-11-13T14:36:58.310+02:00  INFO 69630 --- [           main] com.zaxxer.hikari.HikariDataSource       : HikariPool-1 - Starting...
2023-11-13T14:36:58.364+02:00  INFO 69630 --- [           main] com.zaxxer.hikari.pool.HikariPool        : HikariPool-1 - Added connection org.postgresql.jdbc.PgConnection@143fefaf
2023-11-13T14:36:58.365+02:00  INFO 69630 --- [           main] com.zaxxer.hikari.HikariDataSource       : HikariPool-1 - Start completed.
2023-11-13T14:36:58.389+02:00  WARN 69630 --- [           main] org.hibernate.orm.deprecation            : HHH90000025: PostgreSQLDialect does not need to be specified explicitly using 'hibernate.dialect' (remove the property setting and it will be selected by default)
2023-11-13T14:36:58.708+02:00  INFO 69630 --- [           main] o.h.e.t.j.p.i.JtaPlatformInitiator       : HHH000489: No JTA platform available (set 'hibernate.transaction.jta.platform' to enable JTA platform integration)
Hibernate: 
    drop table if exists flower cascade
2023-11-13T14:36:58.717+02:00  WARN 69630 --- [           main] o.h.engine.jdbc.spi.SqlExceptionHelper   : SQL Warning Code: 0, SQLState: 00000
2023-11-13T14:36:58.717+02:00  WARN 69630 --- [           main] o.h.engine.jdbc.spi.SqlExceptionHelper   : table "flower" does not exist, skipping
Hibernate: 
    drop sequence if exists flower_sequence
2023-11-13T14:36:58.720+02:00  WARN 69630 --- [           main] o.h.engine.jdbc.spi.SqlExceptionHelper   : SQL Warning Code: 0, SQLState: 00000
2023-11-13T14:36:58.720+02:00  WARN 69630 --- [           main] o.h.engine.jdbc.spi.SqlExceptionHelper   : sequence "flower_sequence" does not exist, skipping
Hibernate: 
    create sequence flower_sequence start with 1 increment by 1
Hibernate: 
    create table flower (
        price float(53) not null,
        sepal_length float(53) not null,
        id bigint not null,
        name varchar(255),
        primary key (id)
    )
2023-11-13T14:36:58.793+02:00  INFO 69630 --- [           main] j.LocalContainerEntityManagerFactoryBean : Initialized JPA EntityManagerFactory for persistence unit 'default'
2023-11-13T14:36:58.891+02:00  INFO 69630 --- [           main] o.s.d.j.r.query.QueryEnhancerFactory     : Hibernate is in classpath; If applicable, HQL parser will be used.
2023-11-13T14:36:59.165+02:00  WARN 69630 --- [           main] JpaBaseConfiguration$JpaWebConfiguration : spring.jpa.open-in-view is enabled by default. Therefore, database queries may be performed during view rendering. Explicitly configure spring.jpa.open-in-view to disable this warning
2023-11-13T14:36:59.308+02:00  INFO 69630 --- [           main] m.m.flower.FlowerApplicationTests        : Started FlowerApplicationTests in 1.682 seconds (process running for 2.121)
Hibernate: 
    select
        f1_0.id,
        f1_0.name,
        f1_0.price,
        f1_0.sepal_length 
    from
        flower f1_0 
    where
        f1_0.id=?
Hibernate: 
    select
        nextval('flower_sequence')
Hibernate: 
    select
        f1_0.id,
        f1_0.name,
        f1_0.price,
        f1_0.sepal_length 
    from
        flower f1_0 
    where
        f1_0.id=?
Hibernate: 
    select
        nextval('flower_sequence')
Hibernate: 
    select
        f1_0.id,
        f1_0.name,
        f1_0.price,
        f1_0.sepal_length 
    from
        flower f1_0 
    where
        f1_0.id=?
Hibernate: 
    select
        nextval('flower_sequence')
Hibernate: 
    insert 
    into
        flower
        (name,price,sepal_length,id) 
    values
        (?,?,?,?)
Hibernate: 
    insert 
    into
        flower
        (name,price,sepal_length,id) 
    values
        (?,?,?,?)
Hibernate: 
    insert 
    into
        flower
        (name,price,sepal_length,id) 
    values
        (?,?,?,?)
]]></system-out>
    <system-err><![CDATA[WARNING: A Java agent has been loaded dynamically (/Users/maxondevelop/.m2/repository/net/bytebuddy/byte-buddy-agent/1.14.9/byte-buddy-agent-1.14.9.jar)
WARNING: If a serviceability tool is in use, please run with -XX:+EnableDynamicAgentLoading to hide this warning
WARNING: If a serviceability tool is not in use, please run with -Djdk.instrument.traceUsage for more information
WARNING: Dynamic loading of agents will be disallowed by default in a future release
]]></system-err>
  </testcase>
</testsuite>